<?xml version="1.0" encoding="UTF-8"?>
<coverage generated="1608062865644" clover="3.2.0">
  <project timestamp="1608062865644" name="All files">
    <metrics statements="24" coveredstatements="10" conditionals="20" coveredconditionals="6" methods="14" coveredmethods="7" elements="58" coveredelements="23" complexity="0" loc="24" ncloc="24" packages="7" files="7" classes="7"/>
    <package name="components.atoms.BasicButton">
      <metrics statements="1" coveredstatements="1" conditionals="0" coveredconditionals="0" methods="1" coveredmethods="1"/>
      <file name="index.vue" path="/home/harrison.silva/Projetos/git-search/components/atoms/BasicButton/index.vue">
        <metrics statements="1" coveredstatements="1" conditionals="0" coveredconditionals="0" methods="1" coveredmethods="1"/>
        <line num="13" count="2" type="stmt"/>
      </file>
    </package>
    <package name="components.atoms.SearchInput">
      <metrics statements="3" coveredstatements="3" conditionals="0" coveredconditionals="0" methods="3" coveredmethods="3"/>
      <file name="index.vue" path="/home/harrison.silva/Projetos/git-search/components/atoms/SearchInput/index.vue">
        <metrics statements="3" coveredstatements="3" conditionals="0" coveredconditionals="0" methods="3" coveredmethods="3"/>
        <line num="12" count="6" type="stmt"/>
        <line num="31" count="6" type="stmt"/>
        <line num="43" count="1" type="stmt"/>
      </file>
    </package>
    <package name="components.molecules.RepositoriesListItem">
      <metrics statements="0" coveredstatements="0" conditionals="0" coveredconditionals="0" methods="1" coveredmethods="0"/>
      <file name="index.vue" path="/home/harrison.silva/Projetos/git-search/components/molecules/RepositoriesListItem/index.vue">
        <metrics statements="0" coveredstatements="0" conditionals="0" coveredconditionals="0" methods="1" coveredmethods="0"/>
      </file>
    </package>
    <package name="components.molecules.SearchUserForm">
      <metrics statements="8" coveredstatements="6" conditionals="9" coveredconditionals="6" methods="3" coveredmethods="3"/>
      <file name="index.vue" path="/home/harrison.silva/Projetos/git-search/components/molecules/SearchUserForm/index.vue">
        <metrics statements="8" coveredstatements="6" conditionals="9" coveredconditionals="6" methods="3" coveredmethods="3"/>
        <line num="28" count="2" type="stmt"/>
        <line num="29" count="2" type="stmt"/>
        <line num="37" count="3" type="stmt"/>
        <line num="47" count="1" type="cond" truecount="1" falsecount="1"/>
        <line num="59" count="30" type="cond" truecount="5" falsecount="2"/>
        <line num="63" count="0" type="stmt"/>
        <line num="65" count="0" type="stmt"/>
        <line num="68" count="3" type="stmt"/>
      </file>
    </package>
    <package name="components.organisms.UsersList">
      <metrics statements="9" coveredstatements="0" conditionals="11" coveredconditionals="0" methods="6" coveredmethods="0"/>
      <file name="index.vue" path="/home/harrison.silva/Projetos/git-search/components/organisms/UsersList/index.vue">
        <metrics statements="9" coveredstatements="0" conditionals="11" coveredconditionals="0" methods="6" coveredmethods="0"/>
        <line num="36" count="0" type="stmt"/>
        <line num="37" count="0" type="stmt"/>
        <line num="38" count="0" type="stmt"/>
        <line num="45" count="0" type="stmt"/>
        <line num="54" count="0" type="stmt"/>
        <line num="58" count="0" type="cond" truecount="0" falsecount="2"/>
        <line num="68" count="0" type="stmt"/>
        <line num="71" count="0" type="cond" truecount="0" falsecount="2"/>
        <line num="82" count="0" type="stmt"/>
      </file>
    </package>
    <package name="pages">
      <metrics statements="2" coveredstatements="0" conditionals="0" coveredconditionals="0" methods="0" coveredmethods="0"/>
      <file name="index.vue" path="/home/harrison.silva/Projetos/git-search/pages/index.vue">
        <metrics statements="2" coveredstatements="0" conditionals="0" coveredconditionals="0" methods="0" coveredmethods="0"/>
        <line num="10" count="0" type="stmt"/>
        <line num="11" count="0" type="stmt"/>
      </file>
    </package>
    <package name="pages.users">
      <metrics statements="1" coveredstatements="0" conditionals="0" coveredconditionals="0" methods="0" coveredmethods="0"/>
      <file name="index.vue" path="/home/harrison.silva/Projetos/git-search/pages/users/index.vue">
        <metrics statements="1" coveredstatements="0" conditionals="0" coveredconditionals="0" methods="0" coveredmethods="0"/>
        <line num="7" count="0" type="stmt"/>
      </file>
    </package>
  </project>
</coverage>
