TN:
SF:components/atoms/SearchInput/index.vue
FN:12,data
FN:30,rootClasses
FN:42,handler
FNF:3
FNH:0
FNDA:0,data
FNDA:0,rootClasses
FNDA:0,handler
DA:12,0
DA:31,0
DA:43,0
LF:3
LH:0
BRF:0
BRH:0
end_of_record
TN:
SF:components/molecules/RepositoriesListItem/index.vue
FN:26,_default
FNF:1
FNH:0
FNDA:0,_default
LF:0
LH:0
BRF:0
BRH:0
end_of_record
TN:
SF:components/molecules/SearchUserForm/index.vue
FN:28,data
FN:37,handler
FN:48,searchHandler
FNF:3
FNH:0
FNDA:0,data
FNDA:0,handler
FNDA:0,searchHandler
DA:19,0
DA:20,0
DA:28,0
DA:38,0
DA:48,0
DA:52,0
DA:54,0
DA:57,0
LF:8
LH:0
BRDA:38,0,0,0
BRDA:38,0,1,0
BRDA:48,1,0,0
BRDA:48,1,1,0
BRDA:48,1,2,0
BRDA:48,1,3,0
BRDA:48,1,4,0
BRDA:48,2,0,0
BRDA:48,2,1,0
BRF:9
BRH:0
end_of_record
TN:
SF:components/organisms/UsersList/index.vue
FN:34,data
FN:43,listData
FN:46,listItems
FN:47,(anonymous_9)
FN:55,mounted
FN:68,returnHandler
FNF:6
FNH:0
FNDA:0,data
FNDA:0,listData
FNDA:0,listItems
FNDA:0,(anonymous_9)
FNDA:0,mounted
FNDA:0,returnHandler
DA:25,0
DA:26,0
DA:27,0
DA:34,0
DA:43,0
DA:47,0
DA:57,0
DA:60,0
DA:69,0
LF:9
LH:0
BRDA:47,0,0,0
BRDA:47,0,1,0
BRDA:48,1,0,0
BRDA:48,1,1,0
BRDA:48,1,2,0
BRDA:49,2,0,0
BRDA:49,2,1,0
BRDA:51,3,0,0
BRDA:51,3,1,0
BRDA:60,4,0,0
BRDA:60,4,1,0
BRF:11
BRH:0
end_of_record
TN:
SF:pages/index.vue
FNF:0
FNH:0
DA:10,0
DA:11,0
LF:2
LH:0
BRF:0
BRH:0
end_of_record
TN:
SF:pages/users/index.vue
FNF:0
FNH:0
DA:7,0
LF:1
LH:0
BRF:0
BRH:0
end_of_record
