TN:
SF:components/atoms/BasicButton/index.vue
FN:12,emitClick
FNF:1
FNH:1
FNDA:2,emitClick
DA:13,2
LF:1
LH:1
BRF:0
BRH:0
end_of_record
TN:
SF:components/atoms/SearchInput/index.vue
FN:12,data
FN:30,rootClasses
FN:42,handler
FNF:3
FNH:3
FNDA:6,data
FNDA:6,rootClasses
FNDA:1,handler
DA:12,6
DA:31,6
DA:43,1
LF:3
LH:3
BRF:0
BRH:0
end_of_record
TN:
SF:components/molecules/RepositoriesListItem/index.vue
FN:26,_default
FNF:1
FNH:0
FNDA:0,_default
LF:0
LH:0
BRF:0
BRH:0
end_of_record
TN:
SF:components/molecules/SearchUserForm/index.vue
FN:37,data
FN:46,handler
FN:59,searchHandler
FNF:3
FNH:3
FNDA:3,data
FNDA:1,handler
FNDA:9,searchHandler
DA:28,2
DA:29,2
DA:37,3
DA:47,1
DA:59,30
DA:63,0
DA:65,0
DA:68,3
LF:8
LH:6
BRDA:47,0,0,1
BRDA:47,0,1,0
BRDA:59,1,0,3
BRDA:59,1,1,0
BRDA:59,1,2,3
BRDA:59,1,3,3
BRDA:59,1,4,3
BRDA:59,2,0,3
BRDA:59,2,1,0
BRF:9
BRH:6
end_of_record
TN:
SF:components/organisms/UsersList/index.vue
FN:45,data
FN:54,listData
FN:57,listItems
FN:58,(anonymous_9)
FN:66,mounted
FN:82,returnHandler
FN:85,setUserNameHandler
FNF:7
FNH:0
FNDA:0,data
FNDA:0,listData
FNDA:0,listItems
FNDA:0,(anonymous_9)
FNDA:0,mounted
FNDA:0,returnHandler
FNDA:0,setUserNameHandler
DA:36,0
DA:37,0
DA:38,0
DA:45,0
DA:54,0
DA:58,0
DA:69,0
DA:72,0
DA:83,0
DA:86,0
LF:10
LH:0
BRDA:58,0,0,0
BRDA:58,0,1,0
BRDA:59,1,0,0
BRDA:59,1,1,0
BRDA:59,1,2,0
BRDA:60,2,0,0
BRDA:60,2,1,0
BRDA:62,3,0,0
BRDA:62,3,1,0
BRDA:72,4,0,0
BRDA:72,4,1,0
BRF:11
BRH:0
end_of_record
TN:
SF:pages/index.vue
FNF:0
FNH:0
DA:10,0
DA:11,0
LF:2
LH:0
BRF:0
BRH:0
end_of_record
TN:
SF:pages/users/index.vue
FNF:0
FNH:0
DA:7,0
LF:1
LH:0
BRF:0
BRH:0
end_of_record
